2018-07-20 13:06:39 +0000  Initial pipeline context: <IDEDistributionProcessingPipelineContext: 0x7fb0f8740bb0; archive(resolved)='<IDEArchive: 0x7fb114f87df0>', distributionTask(resolved)='2', distributionMethod(resolved)='<IDEDistributionMethodDevelopmentSigned: 0x7fb0f8469890>', team(resolved)='<IDEProvisioningBasicTeam: 0x7fb0f6da3f60; teamID='65B2HJKT49', teamName='MediaOasis'>'>
	Chain (11, self inclusive):
	<IDEDistributionProcessingPipelineContext: 0x7fb0f8740bb0; archive = '<IDEArchive: 0x7fb114f87df0>', distributionMethod='<IDEDistributionMethodDevelopmentSigned: 0x7fb0f8469890>', team='<IDEProvisioningBasicTeam: 0x7fb0f6da3f60; teamID='65B2HJKT49', teamName='MediaOasis'>'>
	<IDEDistributionProcessingPipelineContext: 0x7fb0f87d47f0; archive = '<IDEArchive: 0x7fb114f87df0>', distributionMethod='<IDEDistributionMethodDevelopmentSigned: 0x7fb0f8469890>', team='<IDEProvisioningBasicTeam: 0x7fb0f6da3f60; teamID='65B2HJKT49', teamName='MediaOasis'>'>
	<IDEDistributionContext: 0x7fb0f78300d0; archive = '<IDEArchive: 0x7fb114f87df0>', distributionMethod='<IDEDistributionMethodDevelopmentSigned: 0x7fb0f8469890>', team='<IDEProvisioningBasicTeam: 0x7fb0f6da3f60; teamID='65B2HJKT49', teamName='MediaOasis'>'>
	<IDEDistributionContext: 0x7fb0fadb0ac0; archive = '<IDEArchive: 0x7fb114f87df0>', distributionMethod='<IDEDistributionMethodDevelopmentSigned: 0x7fb0f8469890>', team='<IDEProvisioningBasicTeam: 0x7fb0f6da3f60; teamID='65B2HJKT49', teamName='MediaOasis'>'>
	<IDEDistributionContext: 0x7fb0f6dcb860; archive = '<IDEArchive: 0x7fb114f87df0>', distributionMethod='<IDEDistributionMethodDevelopmentSigned: 0x7fb0f8469890>', team='<IDEProvisioningBasicTeam: 0x7fb0f6da3f60; teamID='65B2HJKT49', teamName='MediaOasis'>'>
	<IDEDistributionContext: 0x7fb0f8fb51e0; archive = '<IDEArchive: 0x7fb114f87df0>', distributionMethod='<IDEDistributionMethodDevelopmentSigned: 0x7fb0f8469890>', team='<IDEProvisioningBasicTeam: 0x7fb0f6da3f60; teamID='65B2HJKT49', teamName='MediaOasis'>'>
	<IDEDistributionContext: 0x7fb1119411e0; archive = '<IDEArchive: 0x7fb114f87df0>', distributionMethod='<IDEDistributionMethodDevelopmentSigned: 0x7fb0f8469890>', team='<IDEProvisioningBasicTeam: 0x7fb0f6da3f60; teamID='65B2HJKT49', teamName='MediaOasis'>'>
	<IDEDistributionContext: 0x7fb10f6cb7a0; archive = '<IDEArchive: 0x7fb114f87df0>', distributionMethod='<IDEDistributionMethodDevelopmentSigned: 0x7fb0f8469890>', team='<IDEProvisioningBasicTeam: 0x7fb0f6da3f60; teamID='65B2HJKT49', teamName='MediaOasis'>'>
	<IDEDistributionContext: 0x7fb10f7e3760; archive = '<IDEArchive: 0x7fb114f87df0>', distributionMethod='<IDEDistributionMethodDevelopmentSigned: 0x7fb0f8469890>', team='<IDEProvisioningBasicTeam: 0x7fb0f6da3f60; teamID='65B2HJKT49', teamName='MediaOasis'>'>
	<IDEDistributionContext: 0x7fb115060540; archive = '<IDEArchive: 0x7fb114f87df0>', distributionMethod='<IDEDistributionMethodDevelopmentSigned: 0x7fb0f8469890>', team='(null)'>
	<IDEDistributionContext: 0x7fb0f853ee10; archive = '<IDEArchive: 0x7fb114f87df0>', distributionMethod='(null)', team='(null)'>
</IDEDistributionProcessingPipelineContext: 0x7fb0f8740bb0>
2018-07-20 13:06:39 +0000  Processing step: IDEDistributionCreateDestRootStep
2018-07-20 13:06:39 +0000  Processing step: IDEDistributionCopyItemStep
2018-07-20 13:06:39 +0000  Running /usr/bin/ditto '-V' '/Users/bd04/Library/Developer/Xcode/Archives/2018-07-20/wffer 20-07-18, 6.36 PM.xcarchive/Products/Applications/wffer.app' '/var/folders/n2/5yr30ycd7jb686wkz8s6zzcr0000gn/T/XcodeDistPipeline.UYY/Root/Payload/wffer.app'
2018-07-20 13:06:39 +0000  >>> Copying /Users/bd04/Library/Developer/Xcode/Archives/2018-07-20/wffer 20-07-18, 6.36 PM.xcarchive/Products/Applications/wffer.app 
2018-07-20 13:06:39 +0000  copying file ./_CodeSignature/CodeResources ... 
2018-07-20 13:06:39 +0000  63321 bytes for ./_CodeSignature/CodeResources
copying file ./Octicons.ttf ... 
2018-07-20 13:06:39 +0000  27520 bytes for ./Octicons.ttf
copying file ./Feather.ttf ... 
2018-07-20 13:06:39 +0000  55288 bytes for ./Feather.ttf
copying file ./Entypo.ttf ... 
2018-07-20 13:06:39 +0000  65584 bytes for ./Entypo.ttf
2018-07-20 13:06:39 +0000  copying file ./GoogleMaps.bundle/bubble_left@3x.png ... 
2018-07-20 13:06:39 +0000  2386 bytes for ./GoogleMaps.bundle/bubble_left@3x.png
copying file ./GoogleMaps.bundle/bubble_left.png ... 
2018-07-20 13:06:39 +0000  451 bytes for ./GoogleMaps.bundle/bubble_left.png
copying file ./GoogleMaps.bundle/bubble_left@2x.png ... 
2018-07-20 13:06:39 +0000  1055 bytes for ./GoogleMaps.bundle/bubble_left@2x.png
copying file ./GoogleMaps.bundle/bubble_right@3x.png ... 
2018-07-20 13:06:39 +0000  2374 bytes for ./GoogleMaps.bundle/bubble_right@3x.png
copying file ./GoogleMaps.bundle/bubble_right@2x.png ... 
2018-07-20 13:06:39 +0000  1051 bytes for ./GoogleMaps.bundle/bubble_right@2x.png
copying file ./GoogleMaps.bundle/GMSCoreResources.bundle/de.lproj/GMSCore.strings ... 
2018-07-20 13:06:39 +0000  849 bytes for ./GoogleMaps.bundle/GMSCoreResources.bundle/de.lproj/GMSCore.strings
copying file ./GoogleMaps.bundle/GMSCoreResources.bundle/he.lproj/GMSCore.strings ... 
2018-07-20 13:06:39 +0000  930 bytes for ./GoogleMaps.bundle/GMSCoreResources.bundle/he.lproj/GMSCore.strings
2018-07-20 13:06:39 +0000  copying file ./GoogleMaps.bundle/GMSCoreResources.bundle/en_AU.lproj/GMSCore.strings ... 
2018-07-20 13:06:39 +0000  801 bytes for ./GoogleMaps.bundle/GMSCoreResources.bundle/en_AU.lproj/GMSCore.strings
2018-07-20 13:06:39 +0000  copying file ./GoogleMaps.bundle/GMSCoreResources.bundle/ar.lproj/GMSCore.strings ... 
2018-07-20 13:06:39 +0000  992 bytes for ./GoogleMaps.bundle/GMSCoreResources.bundle/ar.lproj/GMSCore.strings
2018-07-20 13:06:39 +0000  copying file ./GoogleMaps.bundle/GMSCoreResources.bundle/el.lproj/GMSCore.strings ... 
2018-07-20 13:06:39 +0000  996 bytes for ./GoogleMaps.bundle/GMSCoreResources.bundle/el.lproj/GMSCore.strings
copying file ./GoogleMaps.bundle/GMSCoreResources.bundle/ja.lproj/GMSCore.strings ... 
2018-07-20 13:06:39 +0000  776 bytes for ./GoogleMaps.bundle/GMSCoreResources.bundle/ja.lproj/GMSCore.strings
2018-07-20 13:06:39 +0000  copying file ./GoogleMaps.bundle/GMSCoreResources.bundle/iw.lproj/GMSCore.strings ... 
2018-07-20 13:06:39 +0000  930 bytes for ./GoogleMaps.bundle/GMSCoreResources.bundle/iw.lproj/GMSCore.strings
copying file ./GoogleMaps.bundle/GMSCoreResources.bundle/ic_qu_direction_mylocation@2x.png ... 
2018-07-20 13:06:39 +0000  663 bytes for ./GoogleMaps.bundle/GMSCoreResources.bundle/ic_qu_direction_mylocation@2x.png
2018-07-20 13:06:39 +0000  copying file ./GoogleMaps.bundle/GMSCoreResources.bundle/en.lproj/GMSCore.strings ... 
801 bytes for ./GoogleMaps.bundle/GMSCoreResources.bundle/en.lproj/GMSCore.strings
copying file ./GoogleMaps.bundle/GMSCoreResources.bundle/uk.lproj/GMSCore.strings ... 
2018-07-20 13:06:39 +0000  982 bytes for ./GoogleMaps.bundle/GMSCoreResources.bundle/uk.lproj/GMSCore.strings
copying file ./GoogleMaps.bundle/GMSCoreResources.bundle/ic_qu_direction_mylocation.png ... 
2018-07-20 13:06:39 +0000  362 bytes for ./GoogleMaps.bundle/GMSCoreResources.bundle/ic_qu_direction_mylocation.png
2018-07-20 13:06:39 +0000  copying file ./GoogleMaps.bundle/GMSCoreResources.bundle/es_419.lproj/GMSCore.strings ... 
2018-07-20 13:06:39 +0000  1016 bytes for ./GoogleMaps.bundle/GMSCoreResources.bundle/es_419.lproj/GMSCore.strings
copying file ./GoogleMaps.bundle/GMSCoreResources.bundle/GMSSprites-0-1x.png ... 
2018-07-20 13:06:39 +0000  10365 bytes for ./GoogleMaps.bundle/GMSCoreResources.bundle/GMSSprites-0-1x.png
copying file ./GoogleMaps.bundle/GMSCoreResources.bundle/ic_compass_needle_large@2x.png ... 
2018-07-20 13:06:39 +0000  2446 bytes for ./GoogleMaps.bundle/GMSCoreResources.bundle/ic_compass_needle_large@2x.png
copying file ./GoogleMaps.bundle/GMSCoreResources.bundle/ic_compass_needle_large@3x.png ... 
2018-07-20 13:06:39 +0000  3304 bytes for ./GoogleMaps.bundle/GMSCoreResources.bundle/ic_compass_needle_large@3x.png
copying file ./GoogleMaps.bundle/GMSCoreResources.bundle/es_MX.lproj/GMSCore.strings ... 
2018-07-20 13:06:39 +0000  1016 bytes for ./GoogleMaps.bundle/GMSCoreResources.bundle/es_MX.lproj/GMSCore.strings
copying file ./GoogleMaps.bundle/GMSCoreResources.bundle/ic_compass_needle_large.png ... 
2018-07-20 13:06:39 +0000  1114 bytes for ./GoogleMaps.bundle/GMSCoreResources.bundle/ic_compass_needle_large.png
2018-07-20 13:06:39 +0000  copying file ./GoogleMaps.bundle/GMSCoreResources.bundle/zh_CN.lproj/GMSCore.strings ... 
2018-07-20 13:06:39 +0000  748 bytes for ./GoogleMaps.bundle/GMSCoreResources.bundle/zh_CN.lproj/GMSCore.strings
copying file ./GoogleMaps.bundle/GMSCoreResources.bundle/ic_qu_direction_mylocation@3x.png ... 
2018-07-20 13:06:39 +0000  1240 bytes for ./GoogleMaps.bundle/GMSCoreResources.bundle/ic_qu_direction_mylocation@3x.png
copying file ./GoogleMaps.bundle/GMSCoreResources.bundle/DroidSansMerged-Regular.ttf ... 
2018-07-20 13:06:39 +0000  392092 bytes for ./GoogleMaps.bundle/GMSCoreResources.bundle/DroidSansMerged-Regular.ttf
copying file ./GoogleMaps.bundle/GMSCoreResources.bundle/nb.lproj/GMSCore.strings ... 
2018-07-20 13:06:39 +0000  841 bytes for ./GoogleMaps.bundle/GMSCoreResources.bundle/nb.lproj/GMSCore.strings
2018-07-20 13:06:39 +0000  copying file ./GoogleMaps.bundle/GMSCoreResources.bundle/es.lproj/GMSCore.strings ... 
2018-07-20 13:06:39 +0000  1019 bytes for ./GoogleMaps.bundle/GMSCoreResources.bundle/es.lproj/GMSCore.strings
2018-07-20 13:06:39 +0000  copying file ./GoogleMaps.bundle/GMSCoreResources.bundle/traffic_endcap.png ... 
2018-07-20 13:06:39 +0000  210 bytes for ./GoogleMaps.bundle/GMSCoreResources.bundle/traffic_endcap.png
2018-07-20 13:06:39 +0000  copying file ./GoogleMaps.bundle/GMSCoreResources.bundle/pt_BR.lproj/GMSCore.strings ... 
2018-07-20 13:06:39 +0000  948 bytes for ./GoogleMaps.bundle/GMSCoreResources.bundle/pt_BR.lproj/GMSCore.strings
2018-07-20 13:06:39 +0000  copying file ./GoogleMaps.bundle/GMSCoreResources.bundle/da.lproj/GMSCore.strings ... 
2018-07-20 13:06:39 +0000  924 bytes for ./GoogleMaps.bundle/GMSCoreResources.bundle/da.lproj/GMSCore.strings
copying file ./GoogleMaps.bundle/GMSCoreResources.bundle/ic_location_off@3x.png ... 
2018-07-20 13:06:39 +0000  1577 bytes for ./GoogleMaps.bundle/GMSCoreResources.bundle/ic_location_off@3x.png
2018-07-20 13:06:39 +0000  copying file ./GoogleMaps.bundle/GMSCoreResources.bundle/it.lproj/GMSCore.strings ... 
2018-07-20 13:06:39 +0000  876 bytes for ./GoogleMaps.bundle/GMSCoreResources.bundle/it.lproj/GMSCore.strings
2018-07-20 13:06:39 +0000  copying file ./GoogleMaps.bundle/GMSCoreResources.bundle/sk.lproj/GMSCore.strings ... 
2018-07-20 13:06:39 +0000  904 bytes for ./GoogleMaps.bundle/GMSCoreResources.bundle/sk.lproj/GMSCore.strings
2018-07-20 13:06:39 +0000  copying file ./GoogleMaps.bundle/GMSCoreResources.bundle/GMSNavSprites-0-3x.png ... 
2018-07-20 13:06:39 +0000  10683 bytes for ./GoogleMaps.bundle/GMSCoreResources.bundle/GMSNavSprites-0-3x.png
2018-07-20 13:06:39 +0000  copying file ./GoogleMaps.bundle/GMSCoreResources.bundle/pt_PT.lproj/GMSCore.strings ... 
2018-07-20 13:06:39 +0000  992 bytes for ./GoogleMaps.bundle/GMSCoreResources.bundle/pt_PT.lproj/GMSCore.strings
2018-07-20 13:06:39 +0000  copying file ./GoogleMaps.bundle/GMSCoreResources.bundle/button_compass_night.png ... 
2018-07-20 13:06:39 +0000  720 bytes for ./GoogleMaps.bundle/GMSCoreResources.bundle/button_compass_night.png
2018-07-20 13:06:39 +0000  copying file ./GoogleMaps.bundle/GMSCoreResources.bundle/button_my_location.png ... 
2018-07-20 13:06:39 +0000  492 bytes for ./GoogleMaps.bundle/GMSCoreResources.bundle/button_my_location.png
copying file ./GoogleMaps.bundle/GMSCoreResources.bundle/road_16-4.png ... 
2018-07-20 13:06:39 +0000  127 bytes for ./GoogleMaps.bundle/GMSCoreResources.bundle/road_16-4.png
2018-07-20 13:06:39 +0000  copying file ./GoogleMaps.bundle/GMSCoreResources.bundle/ms.lproj/GMSCore.strings ... 
2018-07-20 13:06:39 +0000  821 bytes for ./GoogleMaps.bundle/GMSCoreResources.bundle/ms.lproj/GMSCore.strings
2018-07-20 13:06:39 +0000  copying file ./GoogleMaps.bundle/GMSCoreResources.bundle/road_256-64.png ... 
2018-07-20 13:06:39 +0000  1934 bytes for ./GoogleMaps.bundle/GMSCoreResources.bundle/road_256-64.png
2018-07-20 13:06:39 +0000  copying file ./GoogleMaps.bundle/GMSCoreResources.bundle/button_compass.png ... 
2018-07-20 13:06:39 +0000  631 bytes for ./GoogleMaps.bundle/GMSCoreResources.bundle/button_compass.png
2018-07-20 13:06:39 +0000  copying file ./GoogleMaps.bundle/GMSCoreResources.bundle/sv.lproj/GMSCore.strings ... 
2018-07-20 13:06:39 +0000  893 bytes for ./GoogleMaps.bundle/GMSCoreResources.bundle/sv.lproj/GMSCore.strings
2018-07-20 13:06:39 +0000  copying file ./GoogleMaps.bundle/GMSCoreResources.bundle/road_8-2.png ... 
2018-07-20 13:06:39 +0000  93 bytes for ./GoogleMaps.bundle/GMSCoreResources.bundle/road_8-2.png
2018-07-20 13:06:39 +0000  copying file ./GoogleMaps.bundle/GMSCoreResources.bundle/cs.lproj/GMSCore.strings ... 
2018-07-20 13:06:40 +0000  940 bytes for ./GoogleMaps.bundle/GMSCoreResources.bundle/cs.lproj/GMSCore.strings
copying file ./GoogleMaps.bundle/GMSCoreResources.bundle/button_background.png ... 
2018-07-20 13:06:40 +0000  334 bytes for ./GoogleMaps.bundle/GMSCoreResources.bundle/button_background.png
copying file ./GoogleMaps.bundle/GMSCoreResources.bundle/GMSNavNightModeSprites-0-1x.png ... 
2018-07-20 13:06:40 +0000  3393 bytes for ./GoogleMaps.bundle/GMSCoreResources.bundle/GMSNavNightModeSprites-0-1x.png
copying file ./GoogleMaps.bundle/GMSCoreResources.bundle/button_my_location@2x.png ... 
2018-07-20 13:06:40 +0000  1229 bytes for ./GoogleMaps.bundle/GMSCoreResources.bundle/button_my_location@2x.png
copying file ./GoogleMaps.bundle/GMSCoreResources.bundle/en_IN.lproj/GMSCore.strings ... 
2018-07-20 13:06:40 +0000  801 bytes for ./GoogleMaps.bundle/GMSCoreResources.bundle/en_IN.lproj/GMSCore.strings
2018-07-20 13:06:40 +0000  copying file ./GoogleMaps.bundle/GMSCoreResources.bundle/ko.lproj/GMSCore.strings ... 
2018-07-20 13:06:40 +0000  814 bytes for ./GoogleMaps.bundle/GMSCoreResources.bundle/ko.lproj/GMSCore.strings
copying file ./GoogleMaps.bundle/GMSCoreResources.bundle/GMSNavSprites-0-2x.png ... 
2018-07-20 13:06:40 +0000  7465 bytes for ./GoogleMaps.bundle/GMSCoreResources.bundle/GMSNavSprites-0-2x.png
copying file ./GoogleMaps.bundle/GMSCoreResources.bundle/ic_location_off@2x.png ... 
2018-07-20 13:06:40 +0000  860 bytes for ./GoogleMaps.bundle/GMSCoreResources.bundle/ic_location_off@2x.png
copying file ./GoogleMaps.bundle/GMSCoreResources.bundle/GMSNavSprites-0-1x.png ... 
3246 bytes for ./GoogleMaps.bundle/GMSCoreResources.bundle/GMSNavSprites-0-1x.png
copying file ./GoogleMaps.bundle/GMSCoreResources.bundle/no.lproj/GMSCore.strings ... 
2018-07-20 13:06:40 +0000  841 bytes for ./GoogleMaps.bundle/GMSCoreResources.bundle/no.lproj/GMSCore.strings
copying file ./GoogleMaps.bundle/GMSCoreResources.bundle/Tharlon-Regular.ttf ... 
2018-07-20 13:06:40 +0000  353228 bytes for ./GoogleMaps.bundle/GMSCoreResources.bundle/Tharlon-Regular.ttf
2018-07-20 13:06:40 +0000  copying file ./GoogleMaps.bundle/GMSCoreResources.bundle/hu.lproj/GMSCore.strings ... 
2018-07-20 13:06:40 +0000  996 bytes for ./GoogleMaps.bundle/GMSCoreResources.bundle/hu.lproj/GMSCore.strings
copying file ./GoogleMaps.bundle/GMSCoreResources.bundle/zh_HK.lproj/GMSCore.strings ... 
2018-07-20 13:06:40 +0000  738 bytes for ./GoogleMaps.bundle/GMSCoreResources.bundle/zh_HK.lproj/GMSCore.strings
copying file ./GoogleMaps.bundle/GMSCoreResources.bundle/road_4-1.png ... 
2018-07-20 13:06:40 +0000  74 bytes for ./GoogleMaps.bundle/GMSCoreResources.bundle/road_4-1.png
2018-07-20 13:06:40 +0000  copying file ./GoogleMaps.bundle/GMSCoreResources.bundle/button_background@2x.png ... 
2018-07-20 13:06:40 +0000  433 bytes for ./GoogleMaps.bundle/GMSCoreResources.bundle/button_background@2x.png
copying file ./GoogleMaps.bundle/GMSCoreResources.bundle/ic_compass_needle@2x.png ... 
2018-07-20 13:06:40 +0000  992 bytes for ./GoogleMaps.bundle/GMSCoreResources.bundle/ic_compass_needle@2x.png
copying file ./GoogleMaps.bundle/GMSCoreResources.bundle/Assets.car ... 
2018-07-20 13:06:40 +0000  46179 bytes for ./GoogleMaps.bundle/GMSCoreResources.bundle/Assets.car
2018-07-20 13:06:40 +0000  copying file ./GoogleMaps.bundle/GMSCoreResources.bundle/tr.lproj/GMSCore.strings ... 
2018-07-20 13:06:40 +0000  944 bytes for ./GoogleMaps.bundle/GMSCoreResources.bundle/tr.lproj/GMSCore.strings
2018-07-20 13:06:40 +0000  copying file ./GoogleMaps.bundle/GMSCoreResources.bundle/pl.lproj/GMSCore.strings ... 
2018-07-20 13:06:40 +0000  897 bytes for ./GoogleMaps.bundle/GMSCoreResources.bundle/pl.lproj/GMSCore.strings
copying file ./GoogleMaps.bundle/GMSCoreResources.bundle/zh_TW.lproj/GMSCore.strings ... 
2018-07-20 13:06:40 +0000  754 bytes for ./GoogleMaps.bundle/GMSCoreResources.bundle/zh_TW.lproj/GMSCore.strings
copying file ./GoogleMaps.bundle/GMSCoreResources.bundle/GMSNavNightModeSprites-0-2x.png ... 
2018-07-20 13:06:40 +0000  7660 bytes for ./GoogleMaps.bundle/GMSCoreResources.bundle/GMSNavNightModeSprites-0-2x.png
copying file ./GoogleMaps.bundle/GMSCoreResources.bundle/GMSNavNightModeSprites-0-3x.png ... 
2018-07-20 13:06:40 +0000  12519 bytes for ./GoogleMaps.bundle/GMSCoreResources.bundle/GMSNavNightModeSprites-0-3x.png
2018-07-20 13:06:40 +0000  copying file ./GoogleMaps.bundle/GMSCoreResources.bundle/en_GB.lproj/GMSCore.strings ... 
2018-07-20 13:06:40 +0000  801 bytes for ./GoogleMaps.bundle/GMSCoreResources.bundle/en_GB.lproj/GMSCore.strings
copying file ./GoogleMaps.bundle/GMSCoreResources.bundle/traffic_greyscale2.png ... 
2018-07-20 13:06:40 +0000  382 bytes for ./GoogleMaps.bundle/GMSCoreResources.bundle/traffic_greyscale2.png
copying file ./GoogleMaps.bundle/GMSCoreResources.bundle/dav_one_way_16_256.png ... 
2018-07-20 13:06:40 +0000  315 bytes for ./GoogleMaps.bundle/GMSCoreResources.bundle/dav_one_way_16_256.png
2018-07-20 13:06:40 +0000  copying file ./GoogleMaps.bundle/GMSCoreResources.bundle/road_2-1.png ... 
2018-07-20 13:06:40 +0000  84 bytes for ./GoogleMaps.bundle/GMSCoreResources.bundle/road_2-1.png
2018-07-20 13:06:40 +0000  copying file ./GoogleMaps.bundle/GMSCoreResources.bundle/vi.lproj/GMSCore.strings ... 
2018-07-20 13:06:40 +0000  995 bytes for ./GoogleMaps.bundle/GMSCoreResources.bundle/vi.lproj/GMSCore.strings
copying file ./GoogleMaps.bundle/GMSCoreResources.bundle/button_background@3x.png ... 
2018-07-20 13:06:40 +0000  515 bytes for ./GoogleMaps.bundle/GMSCoreResources.bundle/button_background@3x.png
2018-07-20 13:06:40 +0000  copying file ./GoogleMaps.bundle/GMSCoreResources.bundle/road_32-8.png ... 
2018-07-20 13:06:40 +0000  223 bytes for ./GoogleMaps.bundle/GMSCoreResources.bundle/road_32-8.png
2018-07-20 13:06:40 +0000  copying file ./GoogleMaps.bundle/GMSCoreResources.bundle/lv.lproj/GMSCore.strings ... 
2018-07-20 13:06:40 +0000  801 bytes for ./GoogleMaps.bundle/GMSCoreResources.bundle/lv.lproj/GMSCore.strings
2018-07-20 13:06:40 +0000  copying file ./GoogleMaps.bundle/GMSCoreResources.bundle/lt.lproj/GMSCore.strings ... 
2018-07-20 13:06:40 +0000  801 bytes for ./GoogleMaps.bundle/GMSCoreResources.bundle/lt.lproj/GMSCore.strings
2018-07-20 13:06:40 +0000  copying file ./GoogleMaps.bundle/GMSCoreResources.bundle/ru.lproj/GMSCore.strings ... 
2018-07-20 13:06:40 +0000  1066 bytes for ./GoogleMaps.bundle/GMSCoreResources.bundle/ru.lproj/GMSCore.strings
copying file ./GoogleMaps.bundle/GMSCoreResources.bundle/traffic_greyscale1.png ... 
2018-07-20 13:06:40 +0000  342 bytes for ./GoogleMaps.bundle/GMSCoreResources.bundle/traffic_greyscale1.png
copying file ./GoogleMaps.bundle/GMSCoreResources.bundle/polyline_colors_texture_dim.png ... 
2018-07-20 13:06:40 +0000  7026 bytes for ./GoogleMaps.bundle/GMSCoreResources.bundle/polyline_colors_texture_dim.png
copying file ./GoogleMaps.bundle/GMSCoreResources.bundle/fr_CA.lproj/GMSCore.strings ... 
2018-07-20 13:06:40 +0000  908 bytes for ./GoogleMaps.bundle/GMSCoreResources.bundle/fr_CA.lproj/GMSCore.strings
copying file ./GoogleMaps.bundle/GMSCoreResources.bundle/road_128-32.png ... 
2018-07-20 13:06:40 +0000  1029 bytes for ./GoogleMaps.bundle/GMSCoreResources.bundle/road_128-32.png
2018-07-20 13:06:40 +0000  copying file ./GoogleMaps.bundle/GMSCoreResources.bundle/fr.lproj/GMSCore.strings ... 
2018-07-20 13:06:40 +0000  1038 bytes for ./GoogleMaps.bundle/GMSCoreResources.bundle/fr.lproj/GMSCore.strings
2018-07-20 13:06:40 +0000  copying file ./GoogleMaps.bundle/GMSCoreResources.bundle/fi.lproj/GMSCore.strings ... 
2018-07-20 13:06:40 +0000  881 bytes for ./GoogleMaps.bundle/GMSCoreResources.bundle/fi.lproj/GMSCore.strings
2018-07-20 13:06:40 +0000  copying file ./GoogleMaps.bundle/GMSCoreResources.bundle/id.lproj/GMSCore.strings ... 
2018-07-20 13:06:40 +0000  816 bytes for ./GoogleMaps.bundle/GMSCoreResources.bundle/id.lproj/GMSCore.strings
2018-07-20 13:06:40 +0000  copying file ./GoogleMaps.bundle/GMSCoreResources.bundle/nl.lproj/GMSCore.strings ... 
2018-07-20 13:06:40 +0000  865 bytes for ./GoogleMaps.bundle/GMSCoreResources.bundle/nl.lproj/GMSCore.strings
2018-07-20 13:06:40 +0000  copying file ./GoogleMaps.bundle/GMSCoreResources.bundle/th.lproj/GMSCore.strings ... 
2018-07-20 13:06:40 +0000  896 bytes for ./GoogleMaps.bundle/GMSCoreResources.bundle/th.lproj/GMSCore.strings
copying file ./GoogleMaps.bundle/GMSCoreResources.bundle/road_64-16.png ... 
2018-07-20 13:06:40 +0000  425 bytes for ./GoogleMaps.bundle/GMSCoreResources.bundle/road_64-16.png
copying file ./GoogleMaps.bundle/GMSCoreResources.bundle/GMSSprites-0-3x.png ... 
2018-07-20 13:06:40 +0000  42326 bytes for ./GoogleMaps.bundle/GMSCoreResources.bundle/GMSSprites-0-3x.png
copying file ./GoogleMaps.bundle/GMSCoreResources.bundle/polyline_colors_texture.png ... 
2018-07-20 13:06:40 +0000  6982 bytes for ./GoogleMaps.bundle/GMSCoreResources.bundle/polyline_colors_texture.png
copying file ./GoogleMaps.bundle/GMSCoreResources.bundle/ic_compass_needle.png ... 
2018-07-20 13:06:40 +0000  483 bytes for ./GoogleMaps.bundle/GMSCoreResources.bundle/ic_compass_needle.png
2018-07-20 13:06:40 +0000  copying file ./GoogleMaps.bundle/GMSCoreResources.bundle/pt.lproj/GMSCore.strings ... 
2018-07-20 13:06:40 +0000  948 bytes for ./GoogleMaps.bundle/GMSCoreResources.bundle/pt.lproj/GMSCore.strings
2018-07-20 13:06:40 +0000  copying file ./GoogleMaps.bundle/GMSCoreResources.bundle/road_1-1.png ... 
2018-07-20 13:06:40 +0000  95 bytes for ./GoogleMaps.bundle/GMSCoreResources.bundle/road_1-1.png
copying file ./GoogleMaps.bundle/GMSCoreResources.bundle/ic_location_off.png ... 
2018-07-20 13:06:40 +0000  498 bytes for ./GoogleMaps.bundle/GMSCoreResources.bundle/ic_location_off.png
2018-07-20 13:06:40 +0000  copying file ./GoogleMaps.bundle/GMSCoreResources.bundle/ro.lproj/GMSCore.strings ... 
2018-07-20 13:06:40 +0000  985 bytes for ./GoogleMaps.bundle/GMSCoreResources.bundle/ro.lproj/GMSCore.strings
2018-07-20 13:06:40 +0000  copying file ./GoogleMaps.bundle/GMSCoreResources.bundle/traffic_startcap.png ... 
2018-07-20 13:06:40 +0000  243 bytes for ./GoogleMaps.bundle/GMSCoreResources.bundle/traffic_startcap.png
copying file ./GoogleMaps.bundle/GMSCoreResources.bundle/Info.plist ... 
2018-07-20 13:06:40 +0000  510 bytes for ./GoogleMaps.bundle/GMSCoreResources.bundle/Info.plist
copying file ./GoogleMaps.bundle/GMSCoreResources.bundle/GMSSprites-0-2x.png ... 
2018-07-20 13:06:40 +0000  25169 bytes for ./GoogleMaps.bundle/GMSCoreResources.bundle/GMSSprites-0-2x.png
copying file ./GoogleMaps.bundle/GMSCoreResources.bundle/button_compass_night@2x.png ... 
2018-07-20 13:06:40 +0000  2221 bytes for ./GoogleMaps.bundle/GMSCoreResources.bundle/button_compass_night@2x.png
copying file ./GoogleMaps.bundle/GMSCoreResources.bundle/button_compass@2x.png ... 
2018-07-20 13:06:40 +0000  2560 bytes for ./GoogleMaps.bundle/GMSCoreResources.bundle/button_compass@2x.png
2018-07-20 13:06:40 +0000  copying file ./GoogleMaps.bundle/GMSCoreResources.bundle/hr.lproj/GMSCore.strings ... 
2018-07-20 13:06:40 +0000  909 bytes for ./GoogleMaps.bundle/GMSCoreResources.bundle/hr.lproj/GMSCore.strings
2018-07-20 13:06:40 +0000  copying file ./GoogleMaps.bundle/GMSCoreResources.bundle/hi.lproj/GMSCore.strings ... 
2018-07-20 13:06:40 +0000  994 bytes for ./GoogleMaps.bundle/GMSCoreResources.bundle/hi.lproj/GMSCore.strings
2018-07-20 13:06:40 +0000  copying file ./GoogleMaps.bundle/GMSCoreResources.bundle/ca.lproj/GMSCore.strings ... 
2018-07-20 13:06:40 +0000  1014 bytes for ./GoogleMaps.bundle/GMSCoreResources.bundle/ca.lproj/GMSCore.strings
copying file ./GoogleMaps.bundle/default_marker.png ... 
2018-07-20 13:06:40 +0000  1221 bytes for ./GoogleMaps.bundle/default_marker.png
2018-07-20 13:06:40 +0000  copying file ./GoogleMaps.bundle/oss_licenses_maps.txt.gz ... 
2018-07-20 13:06:40 +0000  22555 bytes for ./GoogleMaps.bundle/oss_licenses_maps.txt.gz
copying file ./GoogleMaps.bundle/bubble_right.png ... 
2018-07-20 13:06:40 +0000  455 bytes for ./GoogleMaps.bundle/bubble_right.png
copying file ./GoogleMaps.bundle/default_marker@3x.png ... 
2018-07-20 13:06:40 +0000  6988 bytes for ./GoogleMaps.bundle/default_marker@3x.png
copying file ./GoogleMaps.bundle/default_marker@2x.png ... 
2018-07-20 13:06:40 +0000  2531 bytes for ./GoogleMaps.bundle/default_marker@2x.png
2018-07-20 13:06:40 +0000  copying file ./GoogleMaps.bundle/GMSCacheStorage.momd/Storage.mom ... 
2018-07-20 13:06:40 +0000  4576 bytes for ./GoogleMaps.bundle/GMSCacheStorage.momd/Storage.mom
copying file ./GoogleMaps.bundle/GMSCacheStorage.momd/VersionInfo.plist ... 
2018-07-20 13:06:40 +0000  807 bytes for ./GoogleMaps.bundle/GMSCacheStorage.momd/VersionInfo.plist
copying file ./GoogleMaps.bundle/GMSCacheStorage.momd/StorageWithTileVersionID.omo ... 
2018-07-20 13:06:40 +0000  10296 bytes for ./GoogleMaps.bundle/GMSCacheStorage.momd/StorageWithTileVersionID.omo
2018-07-20 13:06:40 +0000  copying file ./GoogleMaps.bundle/GMSCacheStorage.momd/StorageWithTileVersionID.mom ... 
2018-07-20 13:06:40 +0000  4682 bytes for ./GoogleMaps.bundle/GMSCacheStorage.momd/StorageWithTileVersionID.mom
copying file ./GoogleMaps.bundle/Info.plist ... 
2018-07-20 13:06:40 +0000  499 bytes for ./GoogleMaps.bundle/Info.plist
2018-07-20 13:06:40 +0000  copying file ./MaterialCommunityIcons.ttf ... 
2018-07-20 13:06:40 +0000  322456 bytes for ./MaterialCommunityIcons.ttf
2018-07-20 13:06:40 +0000  copying file ./Foundation.ttf ... 
2018-07-20 13:06:40 +0000  56976 bytes for ./Foundation.ttf
copying file ./Ionicons.ttf ... 
2018-07-20 13:06:40 +0000  143936 bytes for ./Ionicons.ttf
2018-07-20 13:06:40 +0000  copying file ./Base.lproj/LaunchScreen.nib ... 
2018-07-20 13:06:40 +0000  3094 bytes for ./Base.lproj/LaunchScreen.nib
copying file ./FontAwesome.ttf ... 
2018-07-20 13:06:40 +0000  165548 bytes for ./FontAwesome.ttf
copying file ./Zocial.ttf ... 
2018-07-20 13:06:40 +0000  25552 bytes for ./Zocial.ttf
copying file ./main.jsbundle.meta ... 
2018-07-20 13:06:40 +0000  21 bytes for ./main.jsbundle.meta
copying file ./EvilIcons.ttf ... 
2018-07-20 13:06:40 +0000  13128 bytes for ./EvilIcons.ttf
copying file ./main.jsbundle ... 
2018-07-20 13:06:40 +0000  1124918 bytes for ./main.jsbundle
copying file ./SimpleLineIcons.ttf ... 
2018-07-20 13:06:40 +0000  54056 bytes for ./SimpleLineIcons.ttf
copying file ./embedded.mobileprovision ... 
2018-07-20 13:06:40 +0000  21603 bytes for ./embedded.mobileprovision
2018-07-20 13:06:40 +0000  copying file ./assets/node_modules/react-native-checkbox/cb_enabled.png ... 
2018-07-20 13:06:40 +0000  1301 bytes for ./assets/node_modules/react-native-checkbox/cb_enabled.png
copying file ./assets/node_modules/react-native-checkbox/cb_disabled.png ... 
2018-07-20 13:06:40 +0000  1121 bytes for ./assets/node_modules/react-native-checkbox/cb_disabled.png
2018-07-20 13:06:40 +0000  copying file ./assets/node_modules/react-navigation/src/views/assets/back-icon@3x.png ... 
2018-07-20 13:06:40 +0000  1848 bytes for ./assets/node_modules/react-navigation/src/views/assets/back-icon@3x.png
copying file ./assets/node_modules/react-navigation/src/views/assets/back-icon@2x.png ... 
2018-07-20 13:06:40 +0000  966 bytes for ./assets/node_modules/react-navigation/src/views/assets/back-icon@2x.png
copying file ./assets/node_modules/react-navigation/src/views/assets/back-icon.png ... 
2018-07-20 13:06:40 +0000  491 bytes for ./assets/node_modules/react-navigation/src/views/assets/back-icon.png
copying file ./assets/node_modules/react-navigation/src/views/assets/back-icon-mask.png ... 
2018-07-20 13:06:40 +0000  1887 bytes for ./assets/node_modules/react-navigation/src/views/assets/back-icon-mask.png
2018-07-20 13:06:40 +0000  copying file ./assets/assets/store-locator-c.png ... 
1534 bytes for ./assets/assets/store-locator-c.png
copying file ./assets/assets/plus.png ... 
2303 bytes for ./assets/assets/plus.png
copying file ./assets/assets/account_settings_camera.png ... 
4594 bytes for ./assets/assets/account_settings_camera.png
copying file ./assets/assets/Background-Sliders-3.jpg ... 
47047 bytes for ./assets/assets/Background-Sliders-3.jpg
copying file ./assets/assets/so-othaim.png ... 
13706 bytes for ./assets/assets/so-othaim.png
copying file ./assets/assets/Background-Sliders-2.jpg ... 
44094 bytes for ./assets/assets/Background-Sliders-2.jpg
copying file ./assets/assets/nophoto_icon.png ... 
1528 bytes for ./assets/assets/nophoto_icon.png
copying file ./assets/assets/tag-c.png ... 
2018-07-20 13:06:40 +0000  1244 bytes for ./assets/assets/tag-c.png
copying file ./assets/assets/so-panda.png ... 
2018-07-20 13:06:40 +0000  15486 bytes for ./assets/assets/so-panda.png
copying file ./assets/assets/all-category.png ... 
2018-07-20 13:06:40 +0000  1622 bytes for ./assets/assets/all-category.png
copying file ./assets/assets/so-tamimi.png ... 
2018-07-20 13:06:40 +0000  8454 bytes for ./assets/assets/so-tamimi.png
copying file ./assets/assets/so-carrefour.png ... 
2018-07-20 13:06:40 +0000  12074 bytes for ./assets/assets/so-carrefour.png
copying file ./assets/assets/so-danube.png ... 
2018-07-20 13:06:40 +0000  11081 bytes for ./assets/assets/so-danube.png
copying file ./assets/assets/switch_lang.png ... 
2018-07-20 13:06:40 +0000  4546 bytes for ./assets/assets/switch_lang.png
copying file ./assets/assets/nophoto_user_thumb_profile.png ... 
2018-07-20 13:06:40 +0000  4834 bytes for ./assets/assets/nophoto_user_thumb_profile.png
2018-07-20 13:06:40 +0000  copying file ./assets/assets/minus.png ... 
2018-07-20 13:06:40 +0000  2002 bytes for ./assets/assets/minus.png
copying file ./assets/assets/shopping-basket.png ... 
4977 bytes for ./assets/assets/shopping-basket.png
copying file ./assets/assets/create-list1-c.png ... 
1389 bytes for ./assets/assets/create-list1-c.png
copying file ./assets/assets/nophoto.png ... 
960 bytes for ./assets/assets/nophoto.png
copying file ./assets/assets/product1.jpg ... 
9167 bytes for ./assets/assets/product1.jpg
copying file ./assets/assets/Background-Sliders.jpg ... 
2018-07-20 13:06:40 +0000  61973 bytes for ./assets/assets/Background-Sliders.jpg
copying file ./assets/assets/en-icon.png ... 
3653 bytes for ./assets/assets/en-icon.png
copying file ./assets/assets/sa-icon.png ... 
3804 bytes for ./assets/assets/sa-icon.png
copying file ./wffer ... 
2018-07-20 13:06:40 +0000  112680256 bytes for ./wffer
copying file ./Info.plist ... 
2018-07-20 13:06:40 +0000  2015 bytes for ./Info.plist
copying file ./PkgInfo ... 
2018-07-20 13:06:40 +0000  8 bytes for ./PkgInfo
copying file ./MaterialIcons.ttf ... 
2018-07-20 13:06:40 +0000  128180 bytes for ./MaterialIcons.ttf
2018-07-20 13:06:40 +0000  
2018-07-20 13:06:40 +0000  2018-07-20 13:06:40 +0000  /usr/bin/ditto exited with 0

2018-07-20 13:06:40 +0000  
2018-07-20 13:06:40 +0000  Processing step: IDEDistributionEmbedProfileStep
2018-07-20 13:06:40 +0000  Processing step: IDEDistributionAppThinningPlistStep
2018-07-20 13:06:40 +0000  Skipping step: IDEDistributionAppThinningPlistStep because it said so
2018-07-20 13:06:40 +0000  Processing step: IDEDistributionCompileBitcodeStep
2018-07-20 13:06:40 +0000  Skipping step: IDEDistributionCompileBitcodeStep because it said so
2018-07-20 13:06:40 +0000  Processing step: IDEDistributionCodeSlimmingStep
2018-07-20 13:06:41 +0000  Processing step: IDEDistributionCopyBCSymbolMapsStep
2018-07-20 13:06:41 +0000  Skipping step: IDEDistributionCopyBCSymbolMapsStep because it said so
2018-07-20 13:06:41 +0000  Processing step: IDEDistributionSymbolsStep
2018-07-20 13:06:41 +0000  Skipping step: IDEDistributionSymbolsStep because it said so
2018-07-20 13:06:41 +0000  Processing step: IDEDistributionAppThinningStep
2018-07-20 13:06:41 +0000  Skipping step: IDEDistributionAppThinningStep because it said so
2018-07-20 13:06:41 +0000  Processing step: IDEDistributionODRStep
2018-07-20 13:06:41 +0000  Processing step: IDEDistributionStripXattrsStep
2018-07-20 13:06:41 +0000  Running /usr/bin/xattr '-crs' '/var/folders/n2/5yr30ycd7jb686wkz8s6zzcr0000gn/T/XcodeDistPipeline.UYY/Root/Payload/wffer.app'
2018-07-20 13:06:42 +0000  
2018-07-20 13:06:42 +0000  /usr/bin/xattr exited with 0
2018-07-20 13:06:42 +0000  2018-07-20 13:06:42 +0000  Processing step: IDEDistributionCodesignStep

2018-07-20 13:06:42 +0000  Entitlements for <IDEDistributionItem: 0x7fb0f851e2f0 'com.wfferApp' '<DVTFilePath:0x7fb0f68dcc60:'/Users/bd04/Library/Developer/Xcode/Archives/2018-07-20/wffer 20-07-18, 6.36 PM.xcarchive/Products/Applications/wffer.app'>'>: {
    "application-identifier" = "65B2HJKT49.com.wfferApp";
    "com.apple.developer.team-identifier" = 65B2HJKT49;
    "get-task-allow" = 1;
    "keychain-access-groups" =     (
        "65B2HJKT49.com.wfferApp"
    );
}
2018-07-20 13:06:42 +0000  Writing entitlements for <IDEDistributionItem: 0x7fb0f851e2f0 'com.wfferApp' '<DVTFilePath:0x7fb0f68dcc60:'/Users/bd04/Library/Developer/Xcode/Archives/2018-07-20/wffer 20-07-18, 6.36 PM.xcarchive/Products/Applications/wffer.app'>'> to: /var/folders/n2/5yr30ycd7jb686wkz8s6zzcr0000gn/T/XcodeDistPipeline.UYY/entitlementsEjLBAk
2018-07-20 13:06:42 +0000  Running /usr/bin/codesign '-vvv' '--force' '--sign' '80A1962B93A9E6183382FBEBE33558C969F6000B' '--preserve-metadata=identifier,flags' '--entitlements' '/var/folders/n2/5yr30ycd7jb686wkz8s6zzcr0000gn/T/XcodeDistPipeline.UYY/entitlementsEjLBAk' '/var/folders/n2/5yr30ycd7jb686wkz8s6zzcr0000gn/T/XcodeDistPipeline.UYY/Root/Payload/wffer.app'
2018-07-20 13:06:43 +0000  /var/folders/n2/5yr30ycd7jb686wkz8s6zzcr0000gn/T/XcodeDistPipeline.UYY/Root/Payload/wffer.app: signed app bundle with Mach-O universal (armv7 arm64) [com.wfferApp]
2018-07-20 13:06:43 +0000  
2018-07-20 13:06:43 +0000  2018-07-20 13:06:43 +0000  /usr/bin/codesign exited with 0
2018-07-20 13:06:43 +0000  

2018-07-20 13:06:43 +0000  Processing step: IDEDistributionStreamingZipItemStep
2018-07-20 13:06:43 +0000  Skipping step: IDEDistributionStreamingZipItemStep because it said so
2018-07-20 13:06:43 +0000  Processing step: IDEDistributionCreateIPAStep
2018-07-20 13:06:43 +0000  Running /usr/bin/ditto '-V' '-c' '-k' '--norsrc' '/var/folders/n2/5yr30ycd7jb686wkz8s6zzcr0000gn/T/XcodeDistPipeline.UYY/Root' '/var/folders/n2/5yr30ycd7jb686wkz8s6zzcr0000gn/T/XcodeDistPipeline.UYY/Packages/wffer.ipa'
2018-07-20 13:06:43 +0000  >>> Copying /var/folders/n2/5yr30ycd7jb686wkz8s6zzcr0000gn/T/XcodeDistPipeline.UYY/Root 
2018-07-20 13:06:43 +0000  copying file ./Payload/wffer.app/_CodeSignature/CodeResources ... 
2018-07-20 13:06:43 +0000  63321 bytes for ./Payload/wffer.app/_CodeSignature/CodeResources
copying file ./Payload/wffer.app/Octicons.ttf ... 
2018-07-20 13:06:43 +0000  27520 bytes for ./Payload/wffer.app/Octicons.ttf
copying file ./Payload/wffer.app/Feather.ttf ... 
2018-07-20 13:06:43 +0000  55288 bytes for ./Payload/wffer.app/Feather.ttf
copying file ./Payload/wffer.app/Entypo.ttf ... 
2018-07-20 13:06:43 +0000  65584 bytes for ./Payload/wffer.app/Entypo.ttf
copying file ./Payload/wffer.app/GoogleMaps.bundle/bubble_left@3x.png ... 
2386 bytes for ./Payload/wffer.app/GoogleMaps.bundle/bubble_left@3x.png
copying file ./Payload/wffer.app/GoogleMaps.bundle/bubble_left.png ... 
451 bytes for ./Payload/wffer.app/GoogleMaps.bundle/bubble_left.png
copying file ./Payload/wffer.app/GoogleMaps.bundle/bubble_left@2x.png ... 
1055 bytes for ./Payload/wffer.app/GoogleMaps.bundle/bubble_left@2x.png
copying file ./Payload/wffer.app/GoogleMaps.bundle/bubble_right@3x.png ... 
2374 bytes for ./Payload/wffer.app/GoogleMaps.bundle/bubble_right@3x.png
copying file ./Payload/wffer.app/GoogleMaps.bundle/bubble_right@2x.png ... 
1051 bytes for ./Payload/wffer.app/GoogleMaps.bundle/bubble_right@2x.png
copying file ./Payload/wffer.app/GoogleMaps.bundle/GMSCoreResources.bundle/de.lproj/GMSCore.strings ... 
849 bytes for ./Payload/wffer.app/GoogleMaps.bundle/GMSCoreResources.bundle/de.lproj/GMSCore.strings
copying file ./Payload/wffer.app/GoogleMaps.bundle/GMSCoreResources.bundle/he.lproj/GMSCore.strings ... 
930 bytes for ./Payload/wffer.app/GoogleMaps.bundle/GMSCoreResources.bundle/he.lproj/GMSCore.strings
copying file ./Payload/wffer.app/GoogleMaps.bundle/GMSCoreResources.bundle/en_AU.lproj/GMSCore.strings ... 
801 bytes for ./Payload/wffer.app/GoogleMaps.bundle/GMSCoreResources.bundle/en_AU.lproj/GMSCore.strings
copying file ./Payload/wffer.app/GoogleMaps.bundle/GMSCoreResources.bundle/ar.lproj/GMSCore.strings ... 
992 bytes for ./Payload/wffer.app/GoogleMaps.bundle/GMSCoreResources.bundle/ar.lproj/GMSCore.strings
copying file ./Payload/wffer.app/GoogleMaps.bundle/GMSCoreResources.bundle/el.lproj/GMSCore.strings ... 
996 bytes for ./Payload/wffer.app/GoogleMaps.bundle/GMSCoreResources.bundle/el.lproj/GMSCore.strings
copying file ./Payload/wffer.app/GoogleMaps.bundle/GMSCoreResources.bundle/ja.lproj/GMSCore.strings ... 
776 bytes for ./Payload/wffer.app/GoogleMaps.bundle/GMSCoreResources.bundle/ja.lproj/GMSCore.strings
copying file ./Payload/wffer.app/GoogleMaps.bundle/GMSCoreResources.bundle/iw.lproj/GMSCore.strings ... 
930 bytes for ./Payload/wffer.app/GoogleMaps.bundle/GMSCoreResources.bundle/iw.lproj/GMSCore.strings
copying file ./Payload/wffer.app/GoogleMaps.bundle/GMSCoreResources.bundle/ic_qu_direction_mylocation@2x.png ... 
663 bytes for ./Payload/wffer.app/GoogleMaps.bundle/GMSCoreResources.bundle/ic_qu_direction_mylocation@2x.png
copying file ./Payload/wffer.app/GoogleMaps.bundle/GMSCoreResources.bundle/en.lproj/GMSCore.strings ... 
801 bytes for ./Payload/wffer.app/GoogleMaps.bundle/GMSCoreResources.bundle/en.lproj/GMSCore.strings
copying file ./Payload/wffer.app/GoogleMaps.bundle/GMSCoreResources.bundle/uk.lproj/GMSCore.strings ... 
982 bytes for ./Payload/wffer.app/GoogleMaps.bundle/GMSCoreResources.bundle/uk.lproj/GMSCore.strings
copying file ./Payload/wffer.app/GoogleMaps.bundle/GMSCoreResources.bundle/ic_qu_direction_mylocation.png ... 
362 bytes for ./Payload/wffer.app/GoogleMaps.bundle/GMSCoreResources.bundle/ic_qu_direction_mylocation.png
copying file ./Payload/wffer.app/GoogleMaps.bundle/GMSCoreResources.bundle/es_419.lproj/GMSCore.strings ... 
1016 bytes for ./Payload/wffer.app/GoogleMaps.bundle/GMSCoreResources.bundle/es_419.lproj/GMSCore.strings
copying file ./Payload/wffer.app/GoogleMaps.bundle/GMSCoreResources.bundle/GMSSprites-0-1x.png ... 
10365 bytes for ./Payload/wffer.app/GoogleMaps.bundle/GMSCoreResources.bundle/GMSSprites-0-1x.png
copying file ./Payload/wffer.app/GoogleMaps.bundle/GMSCoreResources.bundle/ic_compass_needle_large@2x.png ... 
2446 bytes for ./Payload/wffer.app/GoogleMaps.bundle/GMSCoreResources.bundle/ic_compass_needle_large@2x.png
copying file ./Payload/wffer.app/GoogleMaps.bundle/GMSCoreResources.bundle/ic_compass_needle_large@3x.png ... 
3304 bytes for ./Payload/wffer.app/GoogleMaps.bundle/GMSCoreResources.bundle/ic_compass_needle_large@3x.png
copying file ./Payload/wffer.app/GoogleMaps.bundle/GMSCoreResources.bundle/es_MX.lproj/GMSCore.strings ... 
1016 bytes for ./Payload/wffer.app/GoogleMaps.bundle/GMS
2018-07-20 13:06:43 +0000  CoreResources.bundle/es_MX.lproj/GMSCore.strings
copying file ./Payload/wffer.app/GoogleMaps.bundle/GMSCoreResources.bundle/ic_compass_needle_large.png ... 
1114 bytes for ./Payload/wffer.app/GoogleMaps.bundle/GMSCoreResources.bundle/ic_compass_needle_large.png
copying file ./Payload/wffer.app/GoogleMaps.bundle/GMSCoreResources.bundle/zh_CN.lproj/GMSCore.strings ... 
748 bytes for ./Payload/wffer.app/GoogleMaps.bundle/GMSCoreResources.bundle/zh_CN.lproj/GMSCore.strings
copying file ./Payload/wffer.app/GoogleMaps.bundle/GMSCoreResources.bundle/ic_qu_direction_mylocation@3x.png ... 
1240 bytes for ./Payload/wffer.app/GoogleMaps.bundle/GMSCoreResources.bundle/ic_qu_direction_mylocation@3x.png
copying file ./Payload/wffer.app/GoogleMaps.bundle/GMSCoreResources.bundle/DroidSansMerged-Regular.ttf ... 
392092 bytes for ./Payload/wffer.app/GoogleMaps.bundle/GMSCoreResources.bundle/DroidSansMerged-Regular.ttf
copying file ./Payload/wffer.app/GoogleMaps.bundle/GMSCoreResources.bundle/nb.lproj/GMSCore.strings ... 
841 bytes for ./Payload/wffer.app/GoogleMaps.bundle/GMSCoreResources.bundle/nb.lproj/GMSCore.strings
copying file ./Payload/wffer.app/GoogleMaps.bundle/GMSCoreResources.bundle/es.lproj/GMSCore.strings ... 
1019 bytes for ./Payload/wffer.app/GoogleMaps.bundle/GMSCoreResources.bundle/es.lproj/GMSCore.strings
copying file ./Payload/wffer.app/GoogleMaps.bundle/GMSCoreResources.bundle/traffic_endcap.png ... 
210 bytes for ./Payload/wffer.app/GoogleMaps.bundle/GMSCoreResources.bundle/traffic_endcap.png
copying file ./Payload/wffer.app/GoogleMaps.bundle/GMSCoreResources.bundle/pt_BR.lproj/GMSCore.strings ... 
948 bytes for ./Payload/wffer.app/GoogleMaps.bundle/GMSCoreResources.bundle/pt_BR.lproj/GMSCore.strings
copying file ./Payload/wffer.app/GoogleMaps.bundle/GMSCoreResources.bundle/da.lproj/GMSCore.strings ... 
924 bytes for ./Payload/wffer.app/GoogleMaps.bundle/GMSCoreResources.bundle/da.lproj/GMSCore.strings
copying file ./Payload/wffer.app/GoogleMaps.bundle/GMSCoreResources.bundle/ic_location_off@3x.png ... 
1577 bytes for ./Payload/wffer.app/GoogleMaps.bundle/GMSCoreResources.bundle/ic_location_off@3x.png
copying file ./Payload/wffer.app/GoogleMaps.bundle/GMSCoreResources.bundle/it.lproj/GMSCore.strings ... 
876 bytes for ./Payload/wffer.app/GoogleMaps.bundle/GMSCoreResources.bundle/it.lproj/GMSCore.strings
copying file ./Payload/wffer.app/GoogleMaps.bundle/GMSCoreResources.bundle/sk.lproj/GMSCore.strings ... 
904 bytes for ./Payload/wffer.app/GoogleMaps.bundle/GMSCoreResources.bundle/sk.lproj/GMSCore.strings
copying file ./Payload/wffer.app/GoogleMaps.bundle/GMSCoreResources.bundle/GMSNavSprites-0-3x.png ... 
10683 bytes for ./Payload/wffer.app/GoogleMaps.bundle/GMSCoreResources.bundle/GMSNavSprites-0-3x.png
copying file ./Payload/wffer.app/GoogleMaps.bundle/GMSCoreResources.bundle/pt_PT.lproj/GMSCore.strings ... 
992 bytes for ./Payload/wffer.app/GoogleMaps.bundle/GMSCoreResources.bundle/pt_PT.lproj/GMSCore.strings
copying file ./Payload/wffer.app/GoogleMaps.bundle/GMSCoreResources.bundle/button_compass_night.png ... 
720 bytes for ./Payload/wffer.app/GoogleMaps.bundle/GMSCoreResources.bundle/button_compass_night.png
copying file ./Payload/wffer.app/GoogleMaps.bundle/GMSCoreResources.bundle/button_my_location.png ... 
492 bytes for ./Payload/wffer.app/GoogleMaps.bundle/GMSCoreResources.bundle/button_my_location.png
copying file ./Payload/wffer.app/GoogleMaps.bundle/GMSCoreResources.bundle/road_16-4.png ... 
127 bytes for ./Payload/wffer.app/GoogleMaps.bundle/GMSCoreResources.bundle/road_16-4.png
copying file ./Payload/wffer.app/GoogleMaps.bundle/GMSCoreResources.bundle/ms.lproj/GMSCore.strings ... 
821 bytes for ./Payload/wffer.app/GoogleMaps.bundle/GMSCoreResources.bundle/ms.lproj/GMSCore.strings
copying file ./Payload/wffer.app/GoogleMaps.bundle/GMSCoreResources.bundle/road_256-64.png ... 
1934 bytes for ./Payload/wffer.app/GoogleMaps.bundle/GMSCoreResources.bundle/road_256-64.png
copying file ./Payload/wffer.app/GoogleMaps.bundle/GMSCoreResources.bundle/button_compass.png ... 
631 bytes for ./Payload/wffer.app/Google
2018-07-20 13:06:43 +0000  Maps.bundle/GMSCoreResources.bundle/button_compass.png
copying file ./Payload/wffer.app/GoogleMaps.bundle/GMSCoreResources.bundle/sv.lproj/GMSCore.strings ... 
893 bytes for ./Payload/wffer.app/GoogleMaps.bundle/GMSCoreResources.bundle/sv.lproj/GMSCore.strings
copying file ./Payload/wffer.app/GoogleMaps.bundle/GMSCoreResources.bundle/road_8-2.png ... 
93 bytes for ./Payload/wffer.app/GoogleMaps.bundle/GMSCoreResources.bundle/road_8-2.png
copying file ./Payload/wffer.app/GoogleMaps.bundle/GMSCoreResources.bundle/cs.lproj/GMSCore.strings ... 
940 bytes for ./Payload/wffer.app/GoogleMaps.bundle/GMSCoreResources.bundle/cs.lproj/GMSCore.strings
copying file ./Payload/wffer.app/GoogleMaps.bundle/GMSCoreResources.bundle/button_background.png ... 
334 bytes for ./Payload/wffer.app/GoogleMaps.bundle/GMSCoreResources.bundle/button_background.png
copying file ./Payload/wffer.app/GoogleMaps.bundle/GMSCoreResources.bundle/GMSNavNightModeSprites-0-1x.png ... 
3393 bytes for ./Payload/wffer.app/GoogleMaps.bundle/GMSCoreResources.bundle/GMSNavNightModeSprites-0-1x.png
copying file ./Payload/wffer.app/GoogleMaps.bundle/GMSCoreResources.bundle/button_my_location@2x.png ... 
1229 bytes for ./Payload/wffer.app/GoogleMaps.bundle/GMSCoreResources.bundle/button_my_location@2x.png
copying file ./Payload/wffer.app/GoogleMaps.bundle/GMSCoreResources.bundle/en_IN.lproj/GMSCore.strings ... 
801 bytes for ./Payload/wffer.app/GoogleMaps.bundle/GMSCoreResources.bundle/en_IN.lproj/GMSCore.strings
copying file ./Payload/wffer.app/GoogleMaps.bundle/GMSCoreResources.bundle/ko.lproj/GMSCore.strings ... 
814 bytes for ./Payload/wffer.app/GoogleMaps.bundle/GMSCoreResources.bundle/ko.lproj/GMSCore.strings
copying file ./Payload/wffer.app/GoogleMaps.bundle/GMSCoreResources.bundle/GMSNavSprites-0-2x.png ... 
7465 bytes for ./Payload/wffer.app/GoogleMaps.bundle/GMSCoreResources.bundle/GMSNavSprites-0-2x.png
copying file ./Payload/wffer.app/GoogleMaps.bundle/GMSCoreResources.bundle/ic_location_off@2x.png ... 
860 bytes for ./Payload/wffer.app/GoogleMaps.bundle/GMSCoreResources.bundle/ic_location_off@2x.png
copying file ./Payload/wffer.app/GoogleMaps.bundle/GMSCoreResources.bundle/GMSNavSprites-0-1x.png ... 
3246 bytes for ./Payload/wffer.app/GoogleMaps.bundle/GMSCoreResources.bundle/GMSNavSprites-0-1x.png
copying file ./Payload/wffer.app/GoogleMaps.bundle/GMSCoreResources.bundle/no.lproj/GMSCore.strings ... 
841 bytes for ./Payload/wffer.app/GoogleMaps.bundle/GMSCoreResources.bundle/no.lproj/GMSCore.strings
copying file ./Payload/wffer.app/GoogleMaps.bundle/GMSCoreResources.bundle/Tharlon-Regular.ttf ... 
353228 bytes for ./Payload/wffer.app/GoogleMaps.bundle/GMSCoreResources.bundle/Tharlon-Regular.ttf
copying file ./Payload/wffer.app/GoogleMaps.bundle/GMSCoreResources.bundle/hu.lproj/GMSCore.strings ... 
996 bytes for ./Payload/wffer.app/GoogleMaps.bundle/GMSCoreResources.bundle/hu.lproj/GMSCore.strings
copying file ./Payload/wffer.app/GoogleMaps.bundle/GMSCoreResources.bundle/zh_HK.lproj/GMSCore.strings ... 
738 bytes for ./Payload/wffer.app/GoogleMaps.bundle/GMSCoreResources.bundle/zh_HK.lproj/GMSCore.strings
copying file ./Payload/wffer.app/GoogleMaps.bundle/GMSCoreResources.bundle/road_4-1.png ... 
74 bytes for ./Payload/wffer.app/GoogleMaps.bundle/GMSCoreResources.bundle/road_4-1.png
copying file ./Payload/wffer.app/GoogleMaps.bundle/GMSCoreResources.bundle/button_background@2x.png ... 
433 bytes for ./Payload/wffer.app/GoogleMaps.bundle/GMSCoreResources.bundle/button_background@2x.png
copying file ./Payload/wffer.app/GoogleMaps.bundle/GMSCoreResources.bundle/ic_compass_needle@2x.png ... 
992 bytes for ./Payload/wffer.app/GoogleMaps.bundle/GMSCoreResources.bundle/ic_compass_needle@2x.png
copying file ./Payload/wffer.app/GoogleMaps.bundle/GMSCoreResources.bundle/Assets.car ... 
46179 bytes for ./Payload/wffer.app/GoogleMaps.bundle/GMSCoreResources.bundle/Assets.car
copying file ./Payload/wffer.app/GoogleMaps.bundle/GMSCoreResources.bundle/tr.lproj/GMSCore.strings ... 
944 bytes for ./Payload/wffer.app/GoogleMaps.bundle/GMSCoreResources.bundle/tr.lproj/GMSCor
2018-07-20 13:06:43 +0000  e.strings
copying file ./Payload/wffer.app/GoogleMaps.bundle/GMSCoreResources.bundle/pl.lproj/GMSCore.strings ... 
897 bytes for ./Payload/wffer.app/GoogleMaps.bundle/GMSCoreResources.bundle/pl.lproj/GMSCore.strings
copying file ./Payload/wffer.app/GoogleMaps.bundle/GMSCoreResources.bundle/zh_TW.lproj/GMSCore.strings ... 
754 bytes for ./Payload/wffer.app/GoogleMaps.bundle/GMSCoreResources.bundle/zh_TW.lproj/GMSCore.strings
copying file ./Payload/wffer.app/GoogleMaps.bundle/GMSCoreResources.bundle/GMSNavNightModeSprites-0-2x.png ... 
7660 bytes for ./Payload/wffer.app/GoogleMaps.bundle/GMSCoreResources.bundle/GMSNavNightModeSprites-0-2x.png
copying file ./Payload/wffer.app/GoogleMaps.bundle/GMSCoreResources.bundle/GMSNavNightModeSprites-0-3x.png ... 
12519 bytes for ./Payload/wffer.app/GoogleMaps.bundle/GMSCoreResources.bundle/GMSNavNightModeSprites-0-3x.png
copying file ./Payload/wffer.app/GoogleMaps.bundle/GMSCoreResources.bundle/en_GB.lproj/GMSCore.strings ... 
801 bytes for ./Payload/wffer.app/GoogleMaps.bundle/GMSCoreResources.bundle/en_GB.lproj/GMSCore.strings
copying file ./Payload/wffer.app/GoogleMaps.bundle/GMSCoreResources.bundle/traffic_greyscale2.png ... 
382 bytes for ./Payload/wffer.app/GoogleMaps.bundle/GMSCoreResources.bundle/traffic_greyscale2.png
copying file ./Payload/wffer.app/GoogleMaps.bundle/GMSCoreResources.bundle/dav_one_way_16_256.png ... 
315 bytes for ./Payload/wffer.app/GoogleMaps.bundle/GMSCoreResources.bundle/dav_one_way_16_256.png
copying file ./Payload/wffer.app/GoogleMaps.bundle/GMSCoreResources.bundle/road_2-1.png ... 
84 bytes for ./Payload/wffer.app/GoogleMaps.bundle/GMSCoreResources.bundle/road_2-1.png
copying file ./Payload/wffer.app/GoogleMaps.bundle/GMSCoreResources.bundle/vi.lproj/GMSCore.strings ... 
995 bytes for ./Payload/wffer.app/GoogleMaps.bundle/GMSCoreResources.bundle/vi.lproj/GMSCore.strings
copying file ./Payload/wffer.app/GoogleMaps.bundle/GMSCoreResources.bundle/button_background@3x.png ... 
515 bytes for ./Payload/wffer.app/GoogleMaps.bundle/GMSCoreResources.bundle/button_background@3x.png
copying file ./Payload/wffer.app/GoogleMaps.bundle/GMSCoreResources.bundle/road_32-8.png ... 
223 bytes for ./Payload/wffer.app/GoogleMaps.bundle/GMSCoreResources.bundle/road_32-8.png
copying file ./Payload/wffer.app/GoogleMaps.bundle/GMSCoreResources.bundle/lv.lproj/GMSCore.strings ... 
801 bytes for ./Payload/wffer.app/GoogleMaps.bundle/GMSCoreResources.bundle/lv.lproj/GMSCore.strings
copying file ./Payload/wffer.app/GoogleMaps.bundle/GMSCoreResources.bundle/lt.lproj/GMSCore.strings ... 
801 bytes for ./Payload/wffer.app/GoogleMaps.bundle/GMSCoreResources.bundle/lt.lproj/GMSCore.strings
copying file ./Payload/wffer.app/GoogleMaps.bundle/GMSCoreResources.bundle/ru.lproj/GMSCore.strings ... 
1066 bytes for ./Payload/wffer.app/GoogleMaps.bundle/GMSCoreResources.bundle/ru.lproj/GMSCore.strings
copying file ./Payload/wffer.app/GoogleMaps.bundle/GMSCoreResources.bundle/traffic_greyscale1.png ... 
342 bytes for ./Payload/wffer.app/GoogleMaps.bundle/GMSCoreResources.bundle/traffic_greyscale1.png
copying file ./Payload/wffer.app/GoogleMaps.bundle/GMSCoreResources.bundle/polyline_colors_texture_dim.png ... 
7026 bytes for ./Payload/wffer.app/GoogleMaps.bundle/GMSCoreResources.bundle/polyline_colors_texture_dim.png
copying file ./Payload/wffer.app/GoogleMaps.bundle/GMSCoreResources.bundle/fr_CA.lproj/GMSCore.strings ... 
908 bytes for ./Payload/wffer.app/GoogleMaps.bundle/GMSCoreResources.bundle/fr_CA.lproj/GMSCore.strings
copying file ./Payload/wffer.app/GoogleMaps.bundle/GMSCoreResources.bundle/road_128-32.png ... 
1029 bytes for ./Payload/wffer.app/GoogleMaps.bundle/GMSCoreResources.bundle/road_128-32.png
copying file ./Payload/wffer.app/GoogleMaps.bundle/GMSCoreResources.bundle/fr.lproj/GMSCore.strings ... 
1038 bytes for ./Payload/wffer.app/GoogleMaps.bundle/GMSCoreResources.bundle/fr.lproj/GMSCore.strings
copying file ./Payload/wffer.app/GoogleMaps.bundle/GMSCoreResources.bundle/fi.lproj/GMSCore.strings ... 
881 bytes for ./Payload/wffer.app/GoogleMaps.bundle/GMSCoreResources.bundle/f
2018-07-20 13:06:43 +0000  i.lproj/GMSCore.strings
copying file ./Payload/wffer.app/GoogleMaps.bundle/GMSCoreResources.bundle/id.lproj/GMSCore.strings ... 
816 bytes for ./Payload/wffer.app/GoogleMaps.bundle/GMSCoreResources.bundle/id.lproj/GMSCore.strings
copying file ./Payload/wffer.app/GoogleMaps.bundle/GMSCoreResources.bundle/nl.lproj/GMSCore.strings ... 
865 bytes for ./Payload/wffer.app/GoogleMaps.bundle/GMSCoreResources.bundle/nl.lproj/GMSCore.strings
copying file ./Payload/wffer.app/GoogleMaps.bundle/GMSCoreResources.bundle/th.lproj/GMSCore.strings ... 
896 bytes for ./Payload/wffer.app/GoogleMaps.bundle/GMSCoreResources.bundle/th.lproj/GMSCore.strings
copying file ./Payload/wffer.app/GoogleMaps.bundle/GMSCoreResources.bundle/road_64-16.png ... 
425 bytes for ./Payload/wffer.app/GoogleMaps.bundle/GMSCoreResources.bundle/road_64-16.png
copying file ./Payload/wffer.app/GoogleMaps.bundle/GMSCoreResources.bundle/GMSSprites-0-3x.png ... 
42326 bytes for ./Payload/wffer.app/GoogleMaps.bundle/GMSCoreResources.bundle/GMSSprites-0-3x.png
copying file ./Payload/wffer.app/GoogleMaps.bundle/GMSCoreResources.bundle/polyline_colors_texture.png ... 
6982 bytes for ./Payload/wffer.app/GoogleMaps.bundle/GMSCoreResources.bundle/polyline_colors_texture.png
copying file ./Payload/wffer.app/GoogleMaps.bundle/GMSCoreResources.bundle/ic_compass_needle.png ... 
483 bytes for ./Payload/wffer.app/GoogleMaps.bundle/GMSCoreResources.bundle/ic_compass_needle.png
copying file ./Payload/wffer.app/GoogleMaps.bundle/GMSCoreResources.bundle/pt.lproj/GMSCore.strings ... 
948 bytes for ./Payload/wffer.app/GoogleMaps.bundle/GMSCoreResources.bundle/pt.lproj/GMSCore.strings
copying file ./Payload/wffer.app/GoogleMaps.bundle/GMSCoreResources.bundle/road_1-1.png ... 
95 bytes for ./Payload/wffer.app/GoogleMaps.bundle/GMSCoreResources.bundle/road_1-1.png
copying file ./Payload/wffer.app/GoogleMaps.bundle/GMSCoreResources.bundle/ic_location_off.png ... 
498 bytes for ./Payload/wffer.app/GoogleMaps.bundle/GMSCoreResources.bundle/ic_location_off.png
copying file ./Payload/wffer.app/GoogleMaps.bundle/GMSCoreResources.bundle/ro.lproj/GMSCore.strings ... 
985 bytes for ./Payload/wffer.app/GoogleMaps.bundle/GMSCoreResources.bundle/ro.lproj/GMSCore.strings
copying file ./Payload/wffer.app/GoogleMaps.bundle/GMSCoreResources.bundle/traffic_startcap.png ... 
243 bytes for ./Payload/wffer.app/GoogleMaps.bundle/GMSCoreResources.bundle/traffic_startcap.png
copying file ./Payload/wffer.app/GoogleMaps.bundle/GMSCoreResources.bundle/Info.plist ... 
510 bytes for ./Payload/wffer.app/GoogleMaps.bundle/GMSCoreResources.bundle/Info.plist
copying file ./Payload/wffer.app/GoogleMaps.bundle/GMSCoreResources.bundle/GMSSprites-0-2x.png ... 
25169 bytes for ./Payload/wffer.app/GoogleMaps.bundle/GMSCoreResources.bundle/GMSSprites-0-2x.png
copying file ./Payload/wffer.app/GoogleMaps.bundle/GMSCoreResources.bundle/button_compass_night@2x.png ... 
2221 bytes for ./Payload/wffer.app/GoogleMaps.bundle/GMSCoreResources.bundle/button_compass_night@2x.png
copying file ./Payload/wffer.app/GoogleMaps.bundle/GMSCoreResources.bundle/button_compass@2x.png ... 
2560 bytes for ./Payload/wffer.app/GoogleMaps.bundle/GMSCoreResources.bundle/button_compass@2x.png
copying file ./Payload/wffer.app/GoogleMaps.bundle/GMSCoreResources.bundle/hr.lproj/GMSCore.strings ... 
909 bytes for ./Payload/wffer.app/GoogleMaps.bundle/GMSCoreResources.bundle/hr.lproj/GMSCore.strings
copying file ./Payload/wffer.app/GoogleMaps.bundle/GMSCoreResources.bundle/hi.lproj/GMSCore.strings ... 
994 bytes for ./Payload/wffer.app/GoogleMaps.bundle/GMSCoreResources.bundle/hi.lproj/GMSCore.strings
copying file ./Payload/wffer.app/GoogleMaps.bundle/GMSCoreResources.bundle/ca.lproj/GMSCore.strings ... 
1014 bytes for ./Payload/wffer.app/GoogleMaps.bundle/GMSCoreResources.bundle/ca.lproj/GMSCore.strings
copying file ./Payload/wffer.app/GoogleMaps.bundle/default_marker.png ... 
1221 bytes for ./Payload/wffer.app/GoogleMaps.bundle/default_marker.png
copying file ./Payload/wffer.app/GoogleMaps.bundle/oss_licenses_maps.txt.gz ... 
22555 bytes for ./Payload/wffer.a
2018-07-20 13:06:43 +0000  pp/GoogleMaps.bundle/oss_licenses_maps.txt.gz
copying file ./Payload/wffer.app/GoogleMaps.bundle/bubble_right.png ... 
455 bytes for ./Payload/wffer.app/GoogleMaps.bundle/bubble_right.png
copying file ./Payload/wffer.app/GoogleMaps.bundle/default_marker@3x.png ... 
6988 bytes for ./Payload/wffer.app/GoogleMaps.bundle/default_marker@3x.png
copying file ./Payload/wffer.app/GoogleMaps.bundle/default_marker@2x.png ... 
2018-07-20 13:06:43 +0000  2531 bytes for ./Payload/wffer.app/GoogleMaps.bundle/default_marker@2x.png
copying file ./Payload/wffer.app/GoogleMaps.bundle/GMSCacheStorage.momd/Storage.mom ... 
4576 bytes for ./Payload/wffer.app/GoogleMaps.bundle/GMSCacheStorage.momd/Storage.mom
copying file ./Payload/wffer.app/GoogleMaps.bundle/GMSCacheStorage.momd/VersionInfo.plist ... 
807 bytes for ./Payload/wffer.app/GoogleMaps.bundle/GMSCacheStorage.momd/VersionInfo.plist
copying file ./Payload/wffer.app/GoogleMaps.bundle/GMSCacheStorage.momd/StorageWithTileVersionID.omo ... 
10296 bytes for ./Payload/wffer.app/GoogleMaps.bundle/GMSCacheStorage.momd/StorageWithTileVersionID.omo
copying file ./Payload/wffer.app/GoogleMaps.bundle/GMSCacheStorage.momd/StorageWithTileVersionID.mom ... 
4682 bytes for ./Payload/wffer.app/GoogleMaps.bundle/GMSCacheStorage.momd/StorageWithTileVersionID.mom
copying file ./Payload/wffer.app/GoogleMaps.bundle/Info.plist ... 
499 bytes for ./Payload/wffer.app/GoogleMaps.bundle/Info.plist
copying file ./Payload/wffer.app/MaterialCommunityIcons.ttf ... 
2018-07-20 13:06:44 +0000  322456 bytes for ./Payload/wffer.app/MaterialCommunityIcons.ttf
copying file ./Payload/wffer.app/Foundation.ttf ... 
2018-07-20 13:06:44 +0000  56976 bytes for ./Payload/wffer.app/Foundation.ttf
copying file ./Payload/wffer.app/Ionicons.ttf ... 
2018-07-20 13:06:44 +0000  143936 bytes for ./Payload/wffer.app/Ionicons.ttf
copying file ./Payload/wffer.app/Base.lproj/LaunchScreen.nib ... 
3094 bytes for ./Payload/wffer.app/Base.lproj/LaunchScreen.nib
copying file ./Payload/wffer.app/FontAwesome.ttf ... 
2018-07-20 13:06:44 +0000  165548 bytes for ./Payload/wffer.app/FontAwesome.ttf
copying file ./Payload/wffer.app/Zocial.ttf ... 
25552 bytes for ./Payload/wffer.app/Zocial.ttf
copying file ./Payload/wffer.app/main.jsbundle.meta ... 
21 bytes for ./Payload/wffer.app/main.jsbundle.meta
copying file ./Payload/wffer.app/EvilIcons.ttf ... 
2018-07-20 13:06:44 +0000  13128 bytes for ./Payload/wffer.app/EvilIcons.ttf
copying file ./Payload/wffer.app/main.jsbundle ... 
2018-07-20 13:06:44 +0000  1124918 bytes for ./Payload/wffer.app/main.jsbundle
copying file ./Payload/wffer.app/SimpleLineIcons.ttf ... 
2018-07-20 13:06:44 +0000  54056 bytes for ./Payload/wffer.app/SimpleLineIcons.ttf
copying file ./Payload/wffer.app/embedded.mobileprovision ... 
2018-07-20 13:06:44 +0000  21603 bytes for ./Payload/wffer.app/embedded.mobileprovision
copying file ./Payload/wffer.app/assets/node_modules/react-native-checkbox/cb_enabled.png ... 
2018-07-20 13:06:44 +0000  1301 bytes for ./Payload/wffer.app/assets/node_modules/react-native-checkbox/cb_enabled.png
copying file ./Payload/wffer.app/assets/node_modules/react-native-checkbox/cb_disabled.png ... 
2018-07-20 13:06:44 +0000  1121 bytes for ./Payload/wffer.app/assets/node_modules/react-native-checkbox/cb_disabled.png
2018-07-20 13:06:44 +0000  copying file ./Payload/wffer.app/assets/node_modules/react-navigation/src/views/assets/back-icon@3x.png ... 
1848 bytes for ./Payload/wffer.app/assets/node_modules/react-navigation/src/views/assets/back-icon@3x.png
copying file ./Payload/wffer.app/assets/node_modules/react-navigation/src/views/assets/back-icon@2x.png ... 
966 bytes for ./Payload/wffer.app/assets/node_modules/react-navigation/src/views/assets/back-icon@2x.png
copying file ./Payload/wffer.app/assets/node_modules/react-navigation/src/views/assets/back-icon.png ... 
491 bytes for ./Payload/wffer.app/assets/node_modules/react-navigation/src/views/assets/back-icon.png
copying file ./Payload/wffer.app/assets/node_modules/react-navigation/src/views/assets/back-icon-mask.png ... 
2018-07-20 13:06:44 +0000  1887 bytes for ./Payload/wffer.app/assets/node_modules/react-navigation/src/views/assets/back-icon-mask.png
2018-07-20 13:06:44 +0000  copying file ./Payload/wffer.app/assets/assets/store-locator-c.png ... 
1534 bytes for ./Payload/wffer.app/assets/assets/store-locator-c.png
copying file ./Payload/wffer.app/assets/assets/plus.png ... 
2303 bytes for ./Payload/wffer.app/assets/assets/plus.png
2018-07-20 13:06:44 +0000  copying file ./Payload/wffer.app/assets/assets/account_settings_camera.png ... 
2018-07-20 13:06:44 +0000  4594 bytes for ./Payload/wffer.app/assets/assets/account_settings_camera.png
copying file ./Payload/wffer.app/assets/assets/Background-Sliders-3.jpg ... 
2018-07-20 13:06:44 +0000  47047 bytes for ./Payload/wffer.app/assets/assets/Background-Sliders-3.jpg
copying file ./Payload/wffer.app/assets/assets/so-othaim.png ... 
2018-07-20 13:06:44 +0000  13706 bytes for ./Payload/wffer.app/assets/assets/so-othaim.png
copying file ./Payload/wffer.app/assets/assets/Background-Sliders-2.jpg ... 
2018-07-20 13:06:44 +0000  44094 bytes for ./Payload/wffer.app/assets/assets/Background-Sliders-2.jpg
copying file ./Payload/wffer.app/assets/assets/nophoto_icon.png ... 
1528 bytes for ./Payload/wffer.app/assets/assets/nophoto_icon.png
copying file ./Payload/wffer.app/assets/assets/tag-c.png ... 
1244 bytes for ./Payload/wffer.app/assets/assets/tag-c.png
copying file ./Payload/wffer.app/assets/assets/so-panda.png ... 
2018-07-20 13:06:44 +0000  15486 bytes for ./Payload/wffer.app/assets/assets/so-panda.png
copying file ./Payload/wffer.app/assets/assets/all-category.png ... 
2018-07-20 13:06:44 +0000  1622 bytes for ./Payload/wffer.app/assets/assets/all-category.png
2018-07-20 13:06:44 +0000  copying file ./Payload/wffer.app/assets/assets/so-tamimi.png ... 
2018-07-20 13:06:44 +0000  8454 bytes for ./Payload/wffer.app/assets/assets/so-tamimi.png
copying file ./Payload/wffer.app/assets/assets/so-carrefour.png ... 
2018-07-20 13:06:44 +0000  12074 bytes for ./Payload/wffer.app/assets/assets/so-carrefour.png
2018-07-20 13:06:44 +0000  copying file ./Payload/wffer.app/assets/assets/so-danube.png ... 
2018-07-20 13:06:44 +0000  11081 bytes for ./Payload/wffer.app/assets/assets/so-danube.png
2018-07-20 13:06:44 +0000  copying file ./Payload/wffer.app/assets/assets/switch_lang.png ... 
2018-07-20 13:06:44 +0000  4546 bytes for ./Payload/wffer.app/assets/assets/switch_lang.png
copying file ./Payload/wffer.app/assets/assets/nophoto_user_thumb_profile.png ... 
2018-07-20 13:06:44 +0000  4834 bytes for ./Payload/wffer.app/assets/assets/nophoto_user_thumb_profile.png
2018-07-20 13:06:44 +0000  copying file ./Payload/wffer.app/assets/assets/minus.png ... 
2018-07-20 13:06:44 +0000  2002 bytes for ./Payload/wffer.app/assets/assets/minus.png
copying file ./Payload/wffer.app/assets/assets/shopping-basket.png ... 
2018-07-20 13:06:44 +0000  4977 bytes for ./Payload/wffer.app/assets/assets/shopping-basket.png
2018-07-20 13:06:44 +0000  copying file ./Payload/wffer.app/assets/assets/create-list1-c.png ... 
2018-07-20 13:06:44 +0000  1389 bytes for ./Payload/wffer.app/assets/assets/create-list1-c.png
2018-07-20 13:06:44 +0000  copying file ./Payload/wffer.app/assets/assets/nophoto.png ... 
2018-07-20 13:06:44 +0000  960 bytes for ./Payload/wffer.app/assets/assets/nophoto.png
copying file ./Payload/wffer.app/assets/assets/product1.jpg ... 
2018-07-20 13:06:44 +0000  9167 bytes for ./Payload/wffer.app/assets/assets/product1.jpg
2018-07-20 13:06:44 +0000  copying file ./Payload/wffer.app/assets/assets/Background-Sliders.jpg ... 
2018-07-20 13:06:44 +0000  61973 bytes for ./Payload/wffer.app/assets/assets/Background-Sliders.jpg
copying file ./Payload/wffer.app/assets/assets/en-icon.png ... 
3653 bytes for ./Payload/wffer.app/assets/assets/en-icon.png
copying file ./Payload/wffer.app/assets/assets/sa-icon.png ... 
3804 bytes for ./Payload/wffer.app/assets/assets/sa-icon.png
copying file ./Payload/wffer.app/wffer ... 
2018-07-20 13:06:48 +0000  15886592 bytes for ./Payload/wffer.app/wffer
copying file ./Payload/wffer.app/Info.plist ... 
2018-07-20 13:06:48 +0000  2015 bytes for ./Payload/wffer.app/Info.plist
copying file ./Payload/wffer.app/PkgInfo ... 
2018-07-20 13:06:48 +0000  8 bytes for ./Payload/wffer.app/PkgInfo
copying file ./Payload/wffer.app/MaterialIcons.ttf ... 
2018-07-20 13:06:48 +0000  128180 bytes for ./Payload/wffer.app/MaterialIcons.ttf
2018-07-20 13:06:48 +0000  2018-07-20 13:06:48 +0000  /usr/bin/ditto exited with 0
2018-07-20 13:06:48 +0000  

2018-07-20 13:06:48 +0000  Processing step: IDEDistributionCreateManifestStep
